Arguments: 
  C:\node\node.exe C:\Users\Ih eb\AppData\Roaming\npm\node_modules\yarn\bin\yarn.js add expo

PATH: 
  C:\Users\Ih eb\Desktop\cmder\bin;C:\Users\Ih eb\Desktop\cmder\vendor\bin;C:\Users\Ih eb\Desktop\cmder\vendor\conemu-maximus5\ConEmu\Scripts;C:\Users\Ih eb\Desktop\cmder\vendor\conemu-maximus5;C:\Users\Ih eb\Desktop\cmder\vendor\conemu-maximus5\ConEmu;C:\Program Files (x86)\Common Files\Oracle\Java\javapath;C:\Program Files\Broadcom\Broadcom 802.11 Network Adapter;C:\Windows\system32;C:\Windows;C:\Windows\System32\Wbem;C:\Windows\System32\WindowsPowerShell\v1.0\;C:\node\;C:\Users\Ih eb\AppData\Local\GitHubDesktop\bin;D:\dart-sdk\bin;C:\Users\Ih eb\AppData\Local\Programs\Microsoft VS Code\bin;C:\Users\Ih eb\AppData\Roaming\npm;C:\Users\Ih eb\Desktop\cmder\vendor\git-for-windows\cmd;C:\Users\Ih eb\Desktop\cmder\vendor\git-for-windows\mingw64\bin;C:\Users\Ih eb\Desktop\cmder\vendor\git-for-windows\usr\bin;C:\Users\Ih eb\Desktop\cmder

Yarn version: 
  1.22.4

Node version: 
  14.2.0

Platform: 
  win32 x64

Trace: 
  Error: https://registry.yarnpkg.com/core-js/-/core-js-2.6.11.tgz: ESOCKETTIMEDOUT
      at ClientRequest.<anonymous> (C:\Users\Ih eb\AppData\Roaming\npm\node_modules\yarn\lib\cli.js:141375:19)
      at Object.onceWrapper (events.js:421:28)
      at ClientRequest.emit (events.js:315:20)
      at TLSSocket.emitRequestTimeout (_http_client.js:761:9)
      at Object.onceWrapper (events.js:421:28)
      at TLSSocket.emit (events.js:327:22)
      at TLSSocket.Socket._onTimeout (net.js:480:8)
      at listOnTimeout (internal/timers.js:549:17)
      at processTimers (internal/timers.js:492:7)

npm manifest: 
  {
    "main": "node_modules/expo/AppEntry.js",
    "scripts": {
      "start": "expo start",
      "android": "expo start --android",
      "ios": "expo start --ios",
      "web": "expo start --web",
      "eject": "expo eject"
    },
    "dependencies": {
      "expo": "~38.0.8",
      "expo-status-bar": "^1.0.2",
      "react": "~16.11.0",
      "react-dom": "~16.11.0",
      "react-native": "https://github.com/expo/react-native/archive/sdk-38.0.2.tar.gz",
      "react-native-web": "~0.11.7"
    },
    "devDependencies": {
      "@babel/core": "^7.8.6",
      "babel-preset-expo": "~8.1.0"
    },
    "private": true
  }

yarn manifest: 
  No manifest

Lockfile: 
  No lockfile
